  swfproduce.cpp
c:\users\jonathan_moore\documents\workspace\version control\bitbucket\macromedia_file_format_swf_sdk_11_2_00\source\FPrimitive.h(206): warning C4267: 'return': conversion from 'size_t' to 'U16', possible loss of data
c:\users\jonathan_moore\documents\workspace\version control\bitbucket\macromedia_file_format_swf_sdk_11_2_00\source\FDTSprite.h(45): warning C4244: 'return': conversion from 'U32' to 'U16', possible loss of data
  HFText.cpp
c:\users\jonathan_moore\documents\workspace\version control\bitbucket\macromedia_file_format_swf_sdk_11_2_00\source\FPrimitive.h(206): warning C4267: 'return': conversion from 'size_t' to 'U16', possible loss of data
HFText.cpp(75): warning C4018: '<': signed/unsigned mismatch
HFText.cpp(108): warning C4018: '<': signed/unsigned mismatch
HFText.cpp(172): warning C4996: 'sprintf': This function or variable may be unsafe. Consider using sprintf_s instead. To disable deprecation, use _CRT_SECURE_NO_WARNINGS. See online help for details.
  C:\Program Files (x86)\Windows Kits\10\Include\10.0.10240.0\ucrt\stdio.h(1769): note: see declaration of 'sprintf'
  HFSound.cpp
c:\users\jonathan_moore\documents\workspace\version control\bitbucket\macromedia_file_format_swf_sdk_11_2_00\source\FPrimitive.h(206): warning C4267: 'return': conversion from 'size_t' to 'U16', possible loss of data
  HFShape.cpp
c:\users\jonathan_moore\documents\workspace\version control\bitbucket\macromedia_file_format_swf_sdk_11_2_00\source\FPrimitive.h(206): warning C4267: 'return': conversion from 'size_t' to 'U16', possible loss of data
HFShape.cpp(167): warning C4244: 'argument': conversion from 'double' to 'SFIXED', possible loss of data
HFShape.cpp(210): warning C4244: 'argument': conversion from 'double' to 'SFIXED', possible loss of data
HFShape.cpp(276): warning C4244: 'initializing': conversion from 'double' to 'float', possible loss of data
HFShape.cpp(277): warning C4244: 'initializing': conversion from 'double' to 'float', possible loss of data
HFShape.cpp(295): warning C4244: 'initializing': conversion from 'double' to 'float', possible loss of data
HFShape.cpp(296): warning C4244: 'initializing': conversion from 'double' to 'float', possible loss of data
HFShape.cpp(297): warning C4244: 'initializing': conversion from 'double' to 'float', possible loss of data
HFShape.cpp(298): warning C4244: 'initializing': conversion from 'double' to 'float', possible loss of data
  HFRectangle.cpp
c:\users\jonathan_moore\documents\workspace\version control\bitbucket\macromedia_file_format_swf_sdk_11_2_00\source\FPrimitive.h(206): warning C4267: 'return': conversion from 'size_t' to 'U16', possible loss of data
  HFPolygon.cpp
c:\users\jonathan_moore\documents\workspace\version control\bitbucket\macromedia_file_format_swf_sdk_11_2_00\source\FPrimitive.h(206): warning C4267: 'return': conversion from 'size_t' to 'U16', possible loss of data
HFPolygon.cpp(134): warning C4018: '<=': signed/unsigned mismatch
HFPolygon.cpp(151): warning C4018: '<=': signed/unsigned mismatch
  HFOval.cpp
c:\users\jonathan_moore\documents\workspace\version control\bitbucket\macromedia_file_format_swf_sdk_11_2_00\source\FPrimitive.h(206): warning C4267: 'return': conversion from 'size_t' to 'U16', possible loss of data
HFOval.cpp(61): warning C4244: 'argument': conversion from 'double' to 'S32', possible loss of data
HFOval.cpp(62): warning C4244: 'argument': conversion from 'double' to 'S32', possible loss of data
HFOval.cpp(63): warning C4244: 'argument': conversion from 'double' to 'S32', possible loss of data
HFOval.cpp(64): warning C4244: 'argument': conversion from 'double' to 'S32', possible loss of data
HFOval.cpp(65): warning C4244: 'argument': conversion from 'double' to 'S32', possible loss of data
HFOval.cpp(66): warning C4244: 'argument': conversion from 'double' to 'S32', possible loss of data
HFOval.cpp(67): warning C4244: 'argument': conversion from 'double' to 'S32', possible loss of data
HFOval.cpp(68): warning C4244: 'argument': conversion from 'double' to 'S32', possible loss of data
  HFObject.cpp
c:\users\jonathan_moore\documents\workspace\version control\bitbucket\macromedia_file_format_swf_sdk_11_2_00\source\FPrimitive.h(206): warning C4267: 'return': conversion from 'size_t' to 'U16', possible loss of data
  HFMovie.cpp
c:\users\jonathan_moore\documents\workspace\version control\bitbucket\macromedia_file_format_swf_sdk_11_2_00\source\FPrimitive.h(206): warning C4267: 'return': conversion from 'size_t' to 'U16', possible loss of data
HFMovie.cpp(40): warning C4018: '<': signed/unsigned mismatch
HFMovie.cpp(58): warning C4018: '>=': signed/unsigned mismatch
HFMovie.cpp(62): warning C4018: '<': signed/unsigned mismatch
HFMovie.cpp(142): warning C4018: '<': signed/unsigned mismatch
  HFFrame.cpp
c:\users\jonathan_moore\documents\workspace\version control\bitbucket\macromedia_file_format_swf_sdk_11_2_00\source\FPrimitive.h(206): warning C4267: 'return': conversion from 'size_t' to 'U16', possible loss of data
  HFFont.cpp
c:\users\jonathan_moore\documents\workspace\version control\bitbucket\macromedia_file_format_swf_sdk_11_2_00\source\FPrimitive.h(206): warning C4267: 'return': conversion from 'size_t' to 'U16', possible loss of data
HFFont.cpp(103): warning C4018: '<': signed/unsigned mismatch
HFFont.cpp(115): warning C4018: '<': signed/unsigned mismatch
  HFExampleSquare.cpp
c:\users\jonathan_moore\documents\workspace\version control\bitbucket\macromedia_file_format_swf_sdk_11_2_00\source\FPrimitive.h(206): warning C4267: 'return': conversion from 'size_t' to 'U16', possible loss of data
c:\users\jonathan_moore\documents\workspace\version control\bitbucket\macromedia_file_format_swf_sdk_11_2_00\source\FDTSprite.h(45): warning C4244: 'return': conversion from 'U32' to 'U16', possible loss of data
HFExampleSquare.cpp(53): warning C4996: 'fopen': This function or variable may be unsafe. Consider using fopen_s instead. To disable deprecation, use _CRT_SECURE_NO_WARNINGS. See online help for details.
  C:\Program Files (x86)\Windows Kits\10\Include\10.0.10240.0\ucrt\stdio.h(205): note: see declaration of 'fopen'
  HFExampleSound.cpp
c:\users\jonathan_moore\documents\workspace\version control\bitbucket\macromedia_file_format_swf_sdk_11_2_00\source\FPrimitive.h(206): warning C4267: 'return': conversion from 'size_t' to 'U16', possible loss of data
c:\users\jonathan_moore\documents\workspace\version control\bitbucket\macromedia_file_format_swf_sdk_11_2_00\source\FDTSprite.h(45): warning C4244: 'return': conversion from 'U32' to 'U16', possible loss of data
  HFExampleRectangle.cpp
c:\users\jonathan_moore\documents\workspace\version control\bitbucket\macromedia_file_format_swf_sdk_11_2_00\source\FPrimitive.h(206): warning C4267: 'return': conversion from 'size_t' to 'U16', possible loss of data
c:\users\jonathan_moore\documents\workspace\version control\bitbucket\macromedia_file_format_swf_sdk_11_2_00\source\FDTSprite.h(45): warning C4244: 'return': conversion from 'U32' to 'U16', possible loss of data
HFExampleRectangle.cpp(56): warning C4244: 'argument': conversion from 'double' to 'SFIXED', possible loss of data
HFExampleRectangle.cpp(62): warning C4244: 'argument': conversion from 'double' to 'SFIXED', possible loss of data
  HFExampleOval.cpp
c:\users\jonathan_moore\documents\workspace\version control\bitbucket\macromedia_file_format_swf_sdk_11_2_00\source\FPrimitive.h(206): warning C4267: 'return': conversion from 'size_t' to 'U16', possible loss of data
c:\users\jonathan_moore\documents\workspace\version control\bitbucket\macromedia_file_format_swf_sdk_11_2_00\source\FDTSprite.h(45): warning C4244: 'return': conversion from 'U32' to 'U16', possible loss of data
  HFExampleFont.cpp
c:\users\jonathan_moore\documents\workspace\version control\bitbucket\macromedia_file_format_swf_sdk_11_2_00\source\FPrimitive.h(206): warning C4267: 'return': conversion from 'size_t' to 'U16', possible loss of data
c:\users\jonathan_moore\documents\workspace\version control\bitbucket\macromedia_file_format_swf_sdk_11_2_00\source\FDTSprite.h(45): warning C4244: 'return': conversion from 'U32' to 'U16', possible loss of data
  HFExampleCircle.cpp
c:\users\jonathan_moore\documents\workspace\version control\bitbucket\macromedia_file_format_swf_sdk_11_2_00\source\FPrimitive.h(206): warning C4267: 'return': conversion from 'size_t' to 'U16', possible loss of data
c:\users\jonathan_moore\documents\workspace\version control\bitbucket\macromedia_file_format_swf_sdk_11_2_00\source\FDTSprite.h(45): warning C4244: 'return': conversion from 'U32' to 'U16', possible loss of data
  HFExampleButton.cpp
c:\users\jonathan_moore\documents\workspace\version control\bitbucket\macromedia_file_format_swf_sdk_11_2_00\source\FPrimitive.h(206): warning C4267: 'return': conversion from 'size_t' to 'U16', possible loss of data
c:\users\jonathan_moore\documents\workspace\version control\bitbucket\macromedia_file_format_swf_sdk_11_2_00\source\FDTSprite.h(45): warning C4244: 'return': conversion from 'U32' to 'U16', possible loss of data
  HFExample.cpp
c:\users\jonathan_moore\documents\workspace\version control\bitbucket\macromedia_file_format_swf_sdk_11_2_00\source\FPrimitive.h(206): warning C4267: 'return': conversion from 'size_t' to 'U16', possible loss of data
c:\users\jonathan_moore\documents\workspace\version control\bitbucket\macromedia_file_format_swf_sdk_11_2_00\source\FDTSprite.h(45): warning C4244: 'return': conversion from 'U32' to 'U16', possible loss of data
HFExample.cpp(412): warning C4244: 'argument': conversion from 'double' to 'SFIXED', possible loss of data
HFExample.cpp(436): warning C4244: 'argument': conversion from 'double' to 'SFIXED', possible loss of data
  HFButton.cpp
c:\users\jonathan_moore\documents\workspace\version control\bitbucket\macromedia_file_format_swf_sdk_11_2_00\source\FPrimitive.h(206): warning C4267: 'return': conversion from 'size_t' to 'U16', possible loss of data
c:\users\jonathan_moore\documents\workspace\version control\bitbucket\macromedia_file_format_swf_sdk_11_2_00\source\FDTSprite.h(45): warning C4244: 'return': conversion from 'U32' to 'U16', possible loss of data
  Generating Code...
  Compiling...
  HFBitmap.cpp
c:\users\jonathan_moore\documents\workspace\version control\bitbucket\macromedia_file_format_swf_sdk_11_2_00\source\FPrimitive.h(206): warning C4267: 'return': conversion from 'size_t' to 'U16', possible loss of data
  HFAction.cpp
c:\users\jonathan_moore\documents\workspace\version control\bitbucket\macromedia_file_format_swf_sdk_11_2_00\source\FPrimitive.h(206): warning C4267: 'return': conversion from 'size_t' to 'U16', possible loss of data
  FSWFStream.cpp
FSWFStream.cpp(66): warning C4018: '<=': signed/unsigned mismatch
FSWFStream.cpp(233): warning C4018: '<': signed/unsigned mismatch
FSWFStream.cpp(242): warning C4018: '<': signed/unsigned mismatch
FSWFStream.cpp(360): warning C4244: 'initializing': conversion from 'U32' to 'U16', possible loss of data
  FSound.cpp
  FPrimitive.cpp
c:\users\jonathan_moore\documents\workspace\version control\bitbucket\macromedia_file_format_swf_sdk_11_2_00\source\FPrimitive.h(206): warning C4267: 'return': conversion from 'size_t' to 'U16', possible loss of data
FPrimitive.cpp(249): warning C4018: '<': signed/unsigned mismatch
  FObj.cpp
c:\users\jonathan_moore\documents\workspace\version control\bitbucket\macromedia_file_format_swf_sdk_11_2_00\source\FPrimitive.h(206): warning C4267: 'return': conversion from 'size_t' to 'U16', possible loss of data
FObj.cpp(101): warning C4996: 'fopen': This function or variable may be unsafe. Consider using fopen_s instead. To disable deprecation, use _CRT_SECURE_NO_WARNINGS. See online help for details.
  C:\Program Files (x86)\Windows Kits\10\Include\10.0.10240.0\ucrt\stdio.h(205): note: see declaration of 'fopen'
  FExampleTwoShape.cpp
c:\users\jonathan_moore\documents\workspace\version control\bitbucket\macromedia_file_format_swf_sdk_11_2_00\source\FPrimitive.h(206): warning C4267: 'return': conversion from 'size_t' to 'U16', possible loss of data
c:\users\jonathan_moore\documents\workspace\version control\bitbucket\macromedia_file_format_swf_sdk_11_2_00\source\FDTSprite.h(45): warning C4244: 'return': conversion from 'U32' to 'U16', possible loss of data
  FExampleTwoColorTriangle.cpp
c:\users\jonathan_moore\documents\workspace\version control\bitbucket\macromedia_file_format_swf_sdk_11_2_00\source\FPrimitive.h(206): warning C4267: 'return': conversion from 'size_t' to 'U16', possible loss of data
c:\users\jonathan_moore\documents\workspace\version control\bitbucket\macromedia_file_format_swf_sdk_11_2_00\source\FDTSprite.h(45): warning C4244: 'return': conversion from 'U32' to 'U16', possible loss of data
  FExampleSprite.cpp
c:\users\jonathan_moore\documents\workspace\version control\bitbucket\macromedia_file_format_swf_sdk_11_2_00\source\FPrimitive.h(206): warning C4267: 'return': conversion from 'size_t' to 'U16', possible loss of data
c:\users\jonathan_moore\documents\workspace\version control\bitbucket\macromedia_file_format_swf_sdk_11_2_00\source\FDTSprite.h(45): warning C4244: 'return': conversion from 'U32' to 'U16', possible loss of data
  FExampleSound.cpp
c:\users\jonathan_moore\documents\workspace\version control\bitbucket\macromedia_file_format_swf_sdk_11_2_00\source\FPrimitive.h(206): warning C4267: 'return': conversion from 'size_t' to 'U16', possible loss of data
c:\users\jonathan_moore\documents\workspace\version control\bitbucket\macromedia_file_format_swf_sdk_11_2_00\source\FDTSprite.h(45): warning C4244: 'return': conversion from 'U32' to 'U16', possible loss of data
FExampleSound.cpp(31): warning C4996: 'fopen': This function or variable may be unsafe. Consider using fopen_s instead. To disable deprecation, use _CRT_SECURE_NO_WARNINGS. See online help for details.
  C:\Program Files (x86)\Windows Kits\10\Include\10.0.10240.0\ucrt\stdio.h(205): note: see declaration of 'fopen'
  FExampleRectangle.cpp
c:\users\jonathan_moore\documents\workspace\version control\bitbucket\macromedia_file_format_swf_sdk_11_2_00\source\FPrimitive.h(206): warning C4267: 'return': conversion from 'size_t' to 'U16', possible loss of data
c:\users\jonathan_moore\documents\workspace\version control\bitbucket\macromedia_file_format_swf_sdk_11_2_00\source\FDTSprite.h(45): warning C4244: 'return': conversion from 'U32' to 'U16', possible loss of data
  FExampleOverlap.cpp
c:\users\jonathan_moore\documents\workspace\version control\bitbucket\macromedia_file_format_swf_sdk_11_2_00\source\FPrimitive.h(206): warning C4267: 'return': conversion from 'size_t' to 'U16', possible loss of data
c:\users\jonathan_moore\documents\workspace\version control\bitbucket\macromedia_file_format_swf_sdk_11_2_00\source\FDTSprite.h(45): warning C4244: 'return': conversion from 'U32' to 'U16', possible loss of data
  FExampleOval.cpp
c:\users\jonathan_moore\documents\workspace\version control\bitbucket\macromedia_file_format_swf_sdk_11_2_00\source\FPrimitive.h(206): warning C4267: 'return': conversion from 'size_t' to 'U16', possible loss of data
c:\users\jonathan_moore\documents\workspace\version control\bitbucket\macromedia_file_format_swf_sdk_11_2_00\source\FDTSprite.h(45): warning C4244: 'return': conversion from 'U32' to 'U16', possible loss of data
  FExampleMorph.cpp
c:\users\jonathan_moore\documents\workspace\version control\bitbucket\macromedia_file_format_swf_sdk_11_2_00\source\FPrimitive.h(206): warning C4267: 'return': conversion from 'size_t' to 'U16', possible loss of data
c:\users\jonathan_moore\documents\workspace\version control\bitbucket\macromedia_file_format_swf_sdk_11_2_00\source\FDTSprite.h(45): warning C4244: 'return': conversion from 'U32' to 'U16', possible loss of data
FExampleMorph.cpp(104): warning C4244: 'argument': conversion from 'U32' to 'U16', possible loss of data
  FExampleJPeg.cpp
c:\users\jonathan_moore\documents\workspace\version control\bitbucket\macromedia_file_format_swf_sdk_11_2_00\source\FPrimitive.h(206): warning C4267: 'return': conversion from 'size_t' to 'U16', possible loss of data
c:\users\jonathan_moore\documents\workspace\version control\bitbucket\macromedia_file_format_swf_sdk_11_2_00\source\FDTSprite.h(45): warning C4244: 'return': conversion from 'U32' to 'U16', possible loss of data
FExampleJPeg.cpp(38): warning C4996: 'fopen': This function or variable may be unsafe. Consider using fopen_s instead. To disable deprecation, use _CRT_SECURE_NO_WARNINGS. See online help for details.
  C:\Program Files (x86)\Windows Kits\10\Include\10.0.10240.0\ucrt\stdio.h(205): note: see declaration of 'fopen'
  FExampleFont.cpp
c:\users\jonathan_moore\documents\workspace\version control\bitbucket\macromedia_file_format_swf_sdk_11_2_00\source\FPrimitive.h(206): warning C4267: 'return': conversion from 'size_t' to 'U16', possible loss of data
c:\users\jonathan_moore\documents\workspace\version control\bitbucket\macromedia_file_format_swf_sdk_11_2_00\source\FDTSprite.h(45): warning C4244: 'return': conversion from 'U32' to 'U16', possible loss of data
  FExampleEditText.cpp
c:\users\jonathan_moore\documents\workspace\version control\bitbucket\macromedia_file_format_swf_sdk_11_2_00\source\FPrimitive.h(206): warning C4267: 'return': conversion from 'size_t' to 'U16', possible loss of data
c:\users\jonathan_moore\documents\workspace\version control\bitbucket\macromedia_file_format_swf_sdk_11_2_00\source\FDTSprite.h(45): warning C4244: 'return': conversion from 'U32' to 'U16', possible loss of data
  FExampleClip.cpp
c:\users\jonathan_moore\documents\workspace\version control\bitbucket\macromedia_file_format_swf_sdk_11_2_00\source\FPrimitive.h(206): warning C4267: 'return': conversion from 'size_t' to 'U16', possible loss of data
c:\users\jonathan_moore\documents\workspace\version control\bitbucket\macromedia_file_format_swf_sdk_11_2_00\source\FDTSprite.h(45): warning C4244: 'return': conversion from 'U32' to 'U16', possible loss of data
  FExampleCircle.cpp
c:\users\jonathan_moore\documents\workspace\version control\bitbucket\macromedia_file_format_swf_sdk_11_2_00\source\FPrimitive.h(206): warning C4267: 'return': conversion from 'size_t' to 'U16', possible loss of data
c:\users\jonathan_moore\documents\workspace\version control\bitbucket\macromedia_file_format_swf_sdk_11_2_00\source\FDTSprite.h(45): warning C4244: 'return': conversion from 'U32' to 'U16', possible loss of data
  FExampleButton.cpp
c:\users\jonathan_moore\documents\workspace\version control\bitbucket\macromedia_file_format_swf_sdk_11_2_00\source\FPrimitive.h(206): warning C4267: 'return': conversion from 'size_t' to 'U16', possible loss of data
c:\users\jonathan_moore\documents\workspace\version control\bitbucket\macromedia_file_format_swf_sdk_11_2_00\source\FDTSprite.h(45): warning C4244: 'return': conversion from 'U32' to 'U16', possible loss of data
  Generating Code...
  Compiling...
  FExampleBitsLossless.cpp
c:\users\jonathan_moore\documents\workspace\version control\bitbucket\macromedia_file_format_swf_sdk_11_2_00\source\FPrimitive.h(206): warning C4267: 'return': conversion from 'size_t' to 'U16', possible loss of data
c:\users\jonathan_moore\documents\workspace\version control\bitbucket\macromedia_file_format_swf_sdk_11_2_00\source\FDTSprite.h(45): warning C4244: 'return': conversion from 'U32' to 'U16', possible loss of data
  FDTText.cpp
c:\users\jonathan_moore\documents\workspace\version control\bitbucket\macromedia_file_format_swf_sdk_11_2_00\source\FPrimitive.h(206): warning C4267: 'return': conversion from 'size_t' to 'U16', possible loss of data
FDTText.cpp(193): warning C4244: '=': conversion from 'U32' to 'U16', possible loss of data
FDTText.cpp(221): warning C4244: 'return': conversion from 'U32' to 'U16', possible loss of data
FDTText.cpp(239): warning C4244: '=': conversion from 'unsigned long' to 'U16', possible loss of data
FDTText.cpp(240): warning C4244: '=': conversion from 'unsigned long' to 'U16', possible loss of data
FDTText.cpp(266): warning C4244: '=': conversion from 'U32' to 'U16', possible loss of data
FDTText.cpp(296): warning C4244: 'return': conversion from 'U32' to 'U16', possible loss of data
FDTText.cpp(315): warning C4244: '=': conversion from 'unsigned long' to 'U16', possible loss of data
FDTText.cpp(316): warning C4244: '=': conversion from 'unsigned long' to 'U16', possible loss of data
FDTText.cpp(449): warning C4018: '<=': signed/unsigned mismatch
FDTText.cpp(450): warning C4018: '<=': signed/unsigned mismatch
  FDTSprite.cpp
c:\users\jonathan_moore\documents\workspace\version control\bitbucket\macromedia_file_format_swf_sdk_11_2_00\source\FDTSprite.h(45): warning C4244: 'return': conversion from 'U32' to 'U16', possible loss of data
  FDTSounds.cpp
  FDTShapes.cpp
c:\users\jonathan_moore\documents\workspace\version control\bitbucket\macromedia_file_format_swf_sdk_11_2_00\source\FPrimitive.h(206): warning C4267: 'return': conversion from 'size_t' to 'U16', possible loss of data
  FDTFonts.cpp
c:\users\jonathan_moore\documents\workspace\version control\bitbucket\macromedia_file_format_swf_sdk_11_2_00\source\FPrimitive.h(206): warning C4267: 'return': conversion from 'size_t' to 'U16', possible loss of data
FDTFonts.cpp(84): warning C4244: 'return': conversion from 'U32' to 'U16', possible loss of data
FDTFonts.cpp(262): warning C4244: '=': conversion from 'U32' to 'S16', possible loss of data
FDTFonts.cpp(392): warning C4244: 'return': conversion from 'U32' to 'U16', possible loss of data
  FDTButtons.cpp
c:\users\jonathan_moore\documents\workspace\version control\bitbucket\macromedia_file_format_swf_sdk_11_2_00\source\FPrimitive.h(206): warning C4267: 'return': conversion from 'size_t' to 'U16', possible loss of data
  FDTBitmaps.cpp
  FDT.cpp
  FCT.cpp
c:\users\jonathan_moore\documents\workspace\version control\bitbucket\macromedia_file_format_swf_sdk_11_2_00\source\FPrimitive.h(206): warning C4267: 'return': conversion from 'size_t' to 'U16', possible loss of data
  FAction.cpp
c:\users\jonathan_moore\documents\workspace\version control\bitbucket\macromedia_file_format_swf_sdk_11_2_00\source\FPrimitive.h(206): warning C4267: 'return': conversion from 'size_t' to 'U16', possible loss of data
  Generating Code...
  zutil.c
  uncompr.c
  trees.c
  infutil.c
  inftrees.c
  inflate.c
  inffast.c
  infcodes.c
  infblock.c
  gzio.c
zlib-1.1.3\gzio.c(108): warning C4996: 'strcpy': This function or variable may be unsafe. Consider using strcpy_s instead. To disable deprecation, use _CRT_SECURE_NO_WARNINGS. See online help for details.
  C:\Program Files (x86)\Windows Kits\10\Include\10.0.10240.0\ucrt\string.h(119): note: see declaration of 'strcpy'
zlib-1.1.3\gzio.c(156): warning C4996: 'fopen': This function or variable may be unsafe. Consider using fopen_s instead. To disable deprecation, use _CRT_SECURE_NO_WARNINGS. See online help for details.
  C:\Program Files (x86)\Windows Kits\10\Include\10.0.10240.0\ucrt\stdio.h(205): note: see declaration of 'fopen'
zlib-1.1.3\gzio.c(201): warning C4996: 'sprintf': This function or variable may be unsafe. Consider using sprintf_s instead. To disable deprecation, use _CRT_SECURE_NO_WARNINGS. See online help for details.
  C:\Program Files (x86)\Windows Kits\10\Include\10.0.10240.0\ucrt\stdio.h(1769): note: see declaration of 'sprintf'
zlib-1.1.3\gzio.c(535): warning C4996: 'vsprintf': This function or variable may be unsafe. Consider using vsprintf_s instead. To disable deprecation, use _CRT_SECURE_NO_WARNINGS. See online help for details.
  C:\Program Files (x86)\Windows Kits\10\Include\10.0.10240.0\ucrt\stdio.h(1465): note: see declaration of 'vsprintf'
zlib-1.1.3\gzio.c(871): warning C4996: 'strcpy': This function or variable may be unsafe. Consider using strcpy_s instead. To disable deprecation, use _CRT_SECURE_NO_WARNINGS. See online help for details.
  C:\Program Files (x86)\Windows Kits\10\Include\10.0.10240.0\ucrt\string.h(119): note: see declaration of 'strcpy'
zlib-1.1.3\gzio.c(872): warning C4996: 'strcat': This function or variable may be unsafe. Consider using strcat_s instead. To disable deprecation, use _CRT_SECURE_NO_WARNINGS. See online help for details.
  C:\Program Files (x86)\Windows Kits\10\Include\10.0.10240.0\ucrt\string.h(90): note: see declaration of 'strcat'
zlib-1.1.3\gzio.c(873): warning C4996: 'strcat': This function or variable may be unsafe. Consider using strcat_s instead. To disable deprecation, use _CRT_SECURE_NO_WARNINGS. See online help for details.
  C:\Program Files (x86)\Windows Kits\10\Include\10.0.10240.0\ucrt\string.h(90): note: see declaration of 'strcat'
  deflate.c
  crc32.c
  compress.c
  adler32.c
  Generating Code...
  swfproduce.vcxproj -> C:\Users\Jonathan_Moore\Documents\Workspace\Version Control\bitbucket\Macromedia_File_Format_SWF_SDK_11_2_00\Source\.\Debug\swfproduce.exe
